<?xml version="1.0" encoding="UTF-8"?>
<!-- Generated by org.testng.reporters.JUnitXMLReporter -->
<testsuite hostname="sasidhars-MacBook-Air.local" failures="1" tests="3" name="Test" time="0.065" errors="0" timestamp="13 May 2023 04:19:17 GMT">
  <testcase classname="com.selenium.testng.DemoParameterization" name="setUp" time="0.032"/>
  <testcase classname="com.selenium.testng.DemoParameterization" name="testLogin" time="0.004">
    <failure type="java.lang.AssertionError" message="expected [false] but found [true]">
      <![CDATA[java.lang.AssertionError: expected [false] but found [true]
	at com.selenium.testng.DemoParameterization.testLogin(DemoParameterization.java:24)
... Removed 30 stack frames]]>
    </failure>
  </testcase> <!-- testLogin -->
  <testcase classname="com.selenium.testng.DemoParameterization" name="testLogin2" time="0.003"/>
</testsuite> <!-- Test -->
