<?xml version="1.0" encoding="UTF-8"?>
<!-- Generated by org.testng.reporters.JUnitXMLReporter -->
<testsuite hostname="Sasi" failures="2" tests="2" name="Test" time="29.322" errors="0" timestamp="4 May 2023 02:23:42 GMT">
  <testcase classname="com.tests.LoginTest" name="testLoginLogoutFlow" time="16.56">
    <failure type="java.lang.AssertionError" message="Dashboard page title does not match expected [Dashboar] but found [Dashboard]">
      <![CDATA[java.lang.AssertionError: Dashboard page title does not match expected [Dashboar] but found [Dashboard]
	at com.tests.LoginTest.testLoginLogoutFlow(LoginTest.java:35)
... Removed 29 stack frames]]>
    </failure>
  </testcase> <!-- testLoginLogoutFlow -->
  <testcase classname="com.tests.LoginTest" name="testNewUserLogin" time="11.015">
    <failure type="java.lang.AssertionError" message="Dashboard page title does not match expected [Dashboar] but found [Dashboard]">
      <![CDATA[java.lang.AssertionError: Dashboard page title does not match expected [Dashboar] but found [Dashboard]
	at com.tests.LoginTest.testNewUserLogin(LoginTest.java:65)
... Removed 29 stack frames]]>
    </failure>
  </testcase> <!-- testNewUserLogin -->
</testsuite> <!-- Test -->
