<?xml version="1.0" encoding="UTF-8"?>
<testng-results total="1" passed="1" failed="0" skipped="0">
  <reporter-output>
  </reporter-output>
  <suite started-at="2023-05-13T04:13:12Z" name="Suite" finished-at="2023-05-13T04:13:43Z" duration-ms="30748">
    <groups>
    </groups>
    <test started-at="2023-05-13T04:13:12Z" name="Test" finished-at="2023-05-13T04:13:43Z" duration-ms="30748">
      <class name="com.tests.LoginTest4">
        <test-method is-config="true" signature="beforeStartTestSuite()[pri:0, instance:com.tests.LoginTest4@1c7696c6]" started-at="2023-05-13T09:43:12Z" name="beforeStartTestSuite" finished-at="2023-05-13T09:43:12Z" duration-ms="64" status="PASS">
          <reporter-output>
          </reporter-output>
        </test-method> <!-- beforeStartTestSuite -->
        <test-method signature="testDeleteCookies()[pri:0, instance:com.tests.LoginTest4@1c7696c6]" started-at="2023-05-13T09:43:12Z" name="testDeleteCookies" finished-at="2023-05-13T09:43:42Z" duration-ms="29878" status="PASS">
          <reporter-output>
          </reporter-output>
        </test-method> <!-- testDeleteCookies -->
        <test-method is-config="true" signature="closeBrowsers()[pri:0, instance:com.tests.LoginTest4@1c7696c6]" started-at="2023-05-13T09:43:43Z" name="closeBrowsers" finished-at="2023-05-13T09:43:43Z" duration-ms="108" status="PASS">
          <reporter-output>
          </reporter-output>
        </test-method> <!-- closeBrowsers -->
      </class> <!-- com.tests.LoginTest4 -->
    </test> <!-- Test -->
  </suite> <!-- Suite -->
</testng-results>
