<?xml version="1.0" encoding="UTF-8"?>
<!-- Generated by org.testng.reporters.JUnitXMLReporter -->
<testsuite hostname="sasidhars-MacBook-Air.local" failures="0" tests="3" name="Test" time="0.05" errors="0" timestamp="13 May 2023 04:24:22 GMT">
  <testcase classname="com.selenium.testng.DemoParameterization" name="setUp" time="0.029"/>
  <testcase classname="com.selenium.testng.DemoParameterization" name="testLogin" time="0.002"/>
  <testcase classname="com.selenium.testng.DemoParameterization" name="testLogin2" time="0.001"/>
</testsuite> <!-- Test -->
