<?xml version="1.0" encoding="UTF-8"?>
<!-- Generated by org.testng.reporters.JUnitXMLReporter -->
<testsuite ignored="0" hostname="Sasi" failures="0" tests="8" name="Default test" time="0.089" errors="0" timestamp="2023-04-10T07:50:25 IST">
  <testcase classname="com.selenium.testng.DemoGroups" name="applyLeave" time="0.006"/>
  <testcase classname="com.selenium.testng.DemoGroups" name="approveLeave" time="0.001"/>
  <testcase classname="com.selenium.testng.DemoGroups" name="loginUser" time="0.001"/>
  <testcase classname="com.selenium.testng.DemoGroups" name="createUSer" time="0.0"/>
  <testcase classname="com.selenium.testng.DemoGroups" name="editUser" time="0.0"/>
  <testcase classname="com.selenium.testng.DemoGroups" name="deleteUser" time="0.001"/>
  <testcase classname="com.selenium.testng.DemoGroups" name="logoutUser" time="0.002"/>
  <testcase classname="com.selenium.testng.DemoGroups" name="verifyLeaveHistory" time="0.001"/>
</testsuite> <!-- Default test -->
