<?xml version="1.0" encoding="UTF-8"?>
<!-- Generated by org.testng.reporters.JUnitXMLReporter -->
<testsuite hostname="Sasi" failures="2" tests="7" name="Testing listeners class" time="0.06" errors="0" timestamp="13 Apr 2023 02:31:20 GMT">
  <testcase classname="com.selenium.testng.listeners.DemoApplyListeners" name="openBrowser" time="0.01"/>
  <testcase classname="com.selenium.testng.listeners.DemoApplyListeners" name="launchApplication" time="0.002">
    <failure type="java.lang.AssertionError" message="expected [false] but found [true]">
      <![CDATA[java.lang.AssertionError: expected [false] but found [true]
	at com.selenium.testng.listeners.DemoApplyListeners.launchApplication(DemoApplyListeners.java:19)
... Removed 30 stack frames]]>
    </failure>
  </testcase> <!-- launchApplication -->
  <testcase classname="com.selenium.testng.listeners.DemoApplyListeners" name="createUSer" time="0.002"/>
  <testcase classname="com.selenium.testng.listeners.DemoApplyListeners" name="editUser" time="0.002"/>
  <testcase classname="com.selenium.testng.listeners.DemoApplyListeners" name="deleteUser" time="0.001">
    <failure type="java.lang.AssertionError" message="expected [false] but found [true]">
      <![CDATA[java.lang.AssertionError: expected [false] but found [true]
	at com.selenium.testng.listeners.DemoApplyListeners.deleteUser(DemoApplyListeners.java:41)
... Removed 30 stack frames]]>
    </failure>
  </testcase> <!-- deleteUser -->
  <testcase classname="com.selenium.testng.listeners.DemoApplyListeners" name="logoutUser" time="0.002"/>
  <testcase classname="com.selenium.testng.listeners.DemoApplyListeners" name="loginUser" time="0.0">
    <skipped/>
  </testcase> <!-- loginUser -->
</testsuite> <!-- Testing listeners class -->
