<?xml version="1.0" encoding="UTF-8"?>
<!-- Generated by org.testng.reporters.JUnitXMLReporter -->
<testsuite ignored="0" hostname="Sasi" failures="0" tests="10" name="Smoke Test cases" time="56.772" errors="0" timestamp="2023-04-12T07:33:29 IST">
  <testcase classname="com.selenium.testng.DemoParallelExecution1" name="testbrowser1" time="16.393"/>
  <testcase classname="com.selenium.testng.DemoParallelExecution2" name="testbrowser1" time="11.077"/>
  <testcase classname="com.selenium.testng.DemoParallelExecution1" name="testbrowser5" time="27.772"/>
  <testcase classname="com.selenium.testng.DemoParallelExecution1" name="testbrowser4" time="29.696"/>
  <testcase classname="com.selenium.testng.DemoParallelExecution1" name="testbrowser2" time="29.913"/>
  <testcase classname="com.selenium.testng.DemoParallelExecution1" name="testbrowser3" time="31.292"/>
  <testcase classname="com.selenium.testng.DemoParallelExecution2" name="testbrowser2" time="11.115"/>
  <testcase classname="com.selenium.testng.DemoParallelExecution2" name="testbrowser3" time="13.154"/>
  <testcase classname="com.selenium.testng.DemoParallelExecution2" name="testbrowser5" time="25.862"/>
  <testcase classname="com.selenium.testng.DemoParallelExecution2" name="testbrowser4" time="27.0"/>
</testsuite> <!-- Smoke Test cases -->
