<?xml version="1.0" encoding="UTF-8"?>
<testng-results total="1" passed="1" failed="0" skipped="0">
  <reporter-output>
  </reporter-output>
  <suite started-at="2023-05-02T02:23:16Z" name="Default suite" finished-at="2023-05-02T02:23:45Z" duration-ms="28181">
    <groups>
    </groups>
    <test started-at="2023-05-02T02:23:16Z" name="Default test" finished-at="2023-05-02T02:23:45Z" duration-ms="28181">
      <class name="com.tests.LoginTest">
        <test-method signature="testLoginLogoutFlow()[pri:0, instance:com.tests.LoginTest@291f18]" started-at="2023-05-02T07:53:16Z" name="testLoginLogoutFlow" finished-at="2023-05-02T07:53:44Z" duration-ms="28168" status="PASS">
          <reporter-output>
          </reporter-output>
        </test-method> <!-- testLoginLogoutFlow -->
      </class> <!-- com.tests.LoginTest -->
    </test> <!-- Default test -->
  </suite> <!-- Default suite -->
</testng-results>
